# JRE version: Java(TM) SE Runtime Environment (19.0.1+10) (build 19.0.1+10-21)
# Java VM: Java HotSpot(TM) 64-Bit Server VM (19.0.1+10-21, mixed mode, sharing, tiered, compressed oops, compressed class ptrs, g1 gc, windows-amd64)
GC Precious Log:
 CardTable entry size: 512
 Card Set container configuration: InlinePtr #cards 5 size 8 Array Of Cards #cards 12 size 40 Howl #buckets 4 coarsen threshold 1843 Howl Bitmap #cards 512 size 80 coarsen threshold 460 Card regions per heap region 1 cards per card region 2048
 CPUs: 12 total, 12 available
 Memory: 7830M
 Large Page Support: Disabled
 NUMA Support: Disabled
 Compressed Oops: Enabled (32-bit)
 Heap Region Size: 1M
 Heap Min Capacity: 8M
 Heap Initial Capacity: 124M
 Heap Max Capacity: 1958M
 Pre-touch: Disabled
 Parallel Workers: 10
 Concurrent Workers: 3
 Concurrent Refinement Workers: 10
 Periodic GC: Disabled
Heap:
 garbage-first heap   total 90112K, used 60127K [0x0000000085a00000, 0x0000000100000000)
  region size 1024K, 28 young (28672K), 5 survivors (5120K)
 Metaspace       used 85549K, committed 86272K, reserved 1179648K
  class space    used 11414K, committed 11776K, reserved 1048576K
GC Heap History (20 events):
Event: 9.024 GC heap before
{Heap before GC invocations=19 (full 0):
 garbage-first heap   total 55296K, used 28452K [0x0000000085a00000, 0x0000000100000000)
  region size 1024K, 4 young (4096K), 3 survivors (3072K)
 Metaspace       used 64018K, committed 64704K, reserved 1114112K
  class space    used 8428K, committed 8704K, reserved 1048576K
}
Event: 9.027 GC heap after
{Heap after GC invocations=20 (full 0):
 garbage-first heap   total 55296K, used 27630K [0x0000000085a00000, 0x0000000100000000)
  region size 1024K, 1 young (1024K), 1 survivors (1024K)
 Metaspace       used 64018K, committed 64704K, reserved 1114112K
  class space    used 8428K, committed 8704K, reserved 1048576K
}
Event: 9.382 GC heap before
{Heap before GC invocations=20 (full 0):
 garbage-first heap   total 55296K, used 42990K [0x0000000085a00000, 0x0000000100000000)
  region size 1024K, 17 young (17408K), 1 survivors (1024K)
 Metaspace       used 66732K, committed 67392K, reserved 1114112K
  class space    used 8779K, committed 9088K, reserved 1048576K
}
Event: 9.385 GC heap after
{Heap after GC invocations=21 (full 0):
 garbage-first heap   total 55296K, used 28896K [0x0000000085a00000, 0x0000000100000000)
  region size 1024K, 2 young (2048K), 2 survivors (2048K)
 Metaspace       used 66732K, committed 67392K, reserved 1114112K
  class space    used 8779K, committed 9088K, reserved 1048576K
}
Event: 9.724 GC heap before
{Heap before GC invocations=22 (full 0):
 garbage-first heap   total 55296K, used 43232K [0x0000000085a00000, 0x0000000100000000)
  region size 1024K, 17 young (17408K), 2 survivors (2048K)
 Metaspace       used 69642K, committed 70336K, reserved 1114112K
  class space    used 9241K, committed 9600K, reserved 1048576K
}
Event: 9.727 GC heap after
{Heap after GC invocations=23 (full 0):
 garbage-first heap   total 55296K, used 30612K [0x0000000085a00000, 0x0000000100000000)
  region size 1024K, 2 young (2048K), 2 survivors (2048K)
 Metaspace       used 69642K, committed 70336K, reserved 1114112K
  class space    used 9241K, committed 9600K, reserved 1048576K
}
Event: 9.756 GC heap before
{Heap before GC invocations=23 (full 0):
 garbage-first heap   total 55296K, used 31636K [0x0000000085a00000, 0x0000000100000000)
  region size 1024K, 3 young (3072K), 2 survivors (2048K)
 Metaspace       used 70018K, committed 70656K, reserved 1114112K
  class space    used 9349K, committed 9664K, reserved 1048576K
}
Event: 9.759 GC heap after
{Heap after GC invocations=24 (full 0):
 garbage-first heap   total 55296K, used 30690K [0x0000000085a00000, 0x0000000100000000)
  region size 1024K, 1 young (1024K), 1 survivors (1024K)
 Metaspace       used 70018K, committed 70656K, reserved 1114112K
  class space    used 9349K, committed 9664K, reserved 1048576K
}
Event: 9.965 GC heap before
{Heap before GC invocations=24 (full 0):
 garbage-first heap   total 55296K, used 42978K [0x0000000085a00000, 0x0000000100000000)
  region size 1024K, 14 young (14336K), 1 survivors (1024K)
 Metaspace       used 72098K, committed 72768K, reserved 1114112K
  class space    used 9715K, committed 10048K, reserved 1048576K
}
Event: 9.967 GC heap after
{Heap after GC invocations=25 (full 0):
 garbage-first heap   total 55296K, used 31329K [0x0000000085a00000, 0x0000000100000000)
  region size 1024K, 1 young (1024K), 1 survivors (1024K)
 Metaspace       used 72098K, committed 72768K, reserved 1114112K
  class space    used 9715K, committed 10048K, reserved 1048576K
}
Event: 10.091 GC heap before
{Heap before GC invocations=25 (full 0):
 garbage-first heap   total 55296K, used 44641K [0x0000000085a00000, 0x0000000100000000)
  region size 1024K, 14 young (14336K), 1 survivors (1024K)
 Metaspace       used 72415K, committed 73088K, reserved 1114112K
  class space    used 9740K, committed 10048K, reserved 1048576K
}
Event: 10.093 GC heap after
{Heap after GC invocations=26 (full 0):
 garbage-first heap   total 55296K, used 31927K [0x0000000085a00000, 0x0000000100000000)
  region size 1024K, 2 young (2048K), 2 survivors (2048K)
 Metaspace       used 72415K, committed 73088K, reserved 1114112K
  class space    used 9740K, committed 10048K, reserved 1048576K
}
Event: 10.357 GC heap before
{Heap before GC invocations=26 (full 0):
 garbage-first heap   total 55296K, used 45239K [0x0000000085a00000, 0x0000000100000000)
  region size 1024K, 15 young (15360K), 2 survivors (2048K)
 Metaspace       used 73540K, committed 74240K, reserved 1114112K
  class space    used 9883K, committed 10240K, reserved 1048576K
}
Event: 10.359 GC heap after
{Heap after GC invocations=27 (full 0):
 garbage-first heap   total 55296K, used 32907K [0x0000000085a00000, 0x0000000100000000)
  region size 1024K, 2 young (2048K), 2 survivors (2048K)
 Metaspace       used 73540K, committed 74240K, reserved 1114112K
  class space    used 9883K, committed 10240K, reserved 1048576K
}
Event: 10.622 GC heap before
{Heap before GC invocations=27 (full 0):
 garbage-first heap   total 55296K, used 45195K [0x0000000085a00000, 0x0000000100000000)
  region size 1024K, 14 young (14336K), 2 survivors (2048K)
 Metaspace       used 74863K, committed 75520K, reserved 1179648K
  class space    used 10057K, committed 10368K, reserved 1048576K
}
Event: 10.626 GC heap after
{Heap after GC invocations=28 (full 0):
 garbage-first heap   total 55296K, used 33933K [0x0000000085a00000, 0x0000000100000000)
  region size 1024K, 2 young (2048K), 2 survivors (2048K)
 Metaspace       used 74863K, committed 75520K, reserved 1179648K
  class space    used 10057K, committed 10368K, reserved 1048576K
}
Event: 10.844 GC heap before
{Heap before GC invocations=28 (full 0):
 garbage-first heap   total 55296K, used 44173K [0x0000000085a00000, 0x0000000100000000)
  region size 1024K, 13 young (13312K), 2 survivors (2048K)
 Metaspace       used 75657K, committed 76352K, reserved 1179648K
  class space    used 10182K, committed 10496K, reserved 1048576K
}
Event: 10.847 GC heap after
{Heap after GC invocations=29 (full 0):
 garbage-first heap   total 90112K, used 34906K [0x0000000085a00000, 0x0000000100000000)
  region size 1024K, 2 young (2048K), 2 survivors (2048K)
 Metaspace       used 75657K, committed 76352K, reserved 1179648K
  class space    used 10182K, committed 10496K, reserved 1048576K
}
Event: 24.914 GC heap before
{Heap before GC invocations=29 (full 0):
 garbage-first heap   total 90112K, used 69722K [0x0000000085a00000, 0x0000000100000000)
  region size 1024K, 36 young (36864K), 2 survivors (2048K)
 Metaspace       used 80168K, committed 80896K, reserved 1179648K
  class space    used 10796K, committed 11136K, reserved 1048576K
}
Event: 24.948 GC heap after
{Heap after GC invocations=30 (full 0):
 garbage-first heap   total 90112K, used 37599K [0x0000000085a00000, 0x0000000100000000)
  region size 1024K, 5 young (5120K), 5 survivors (5120K)
 Metaspace       used 80168K, committed 80896K, reserved 1179648K
  class space    used 10796K, committed 11136K, reserved 1048576K
}

